<?xml version="1.0" encoding="UTF-8"?>
<!-- Generated by org.testng.reporters.JUnitReportReporter -->
<testsuite skipped="0" hostname="User-PC" name="qaclickacademy.mavenjava.mobileTest" tests="2" failures="0" timestamp="25 Sep 2020 14:22:02 GMT" time="0.000" errors="0">
  <testcase name="Agile" time="0.000" classname="qaclickacademy.mavenjava.mobileTest"/>
  <testcase name="Jira" time="0.000" classname="qaclickacademy.mavenjava.mobileTest"/>
</testsuite> <!-- qaclickacademy.mavenjava.mobileTest -->
