<?xml version="1.0" encoding="UTF-8"?>
<!-- Generated by org.testng.reporters.JUnitReportReporter -->
<testsuite skipped="0" hostname="User-PC" name="qaclickacademy.mavenjava.restAssuredTest" tests="2" failures="0" timestamp="25 Sep 2020 14:22:02 GMT" time="0.001" errors="0">
  <testcase name="Postman" time="0.000" classname="qaclickacademy.mavenjava.restAssuredTest"/>
  <testcase name="restAPI" time="0.001" classname="qaclickacademy.mavenjava.restAssuredTest"/>
</testsuite> <!-- qaclickacademy.mavenjava.restAssuredTest -->
