<?xml version="1.0" encoding="UTF-8"?>
<!-- Generated by org.testng.reporters.JUnitReportReporter -->
<testsuite skipped="0" hostname="User-PC" name="qaclickacademy.mavenjava.appiumTest" tests="2" failures="0" timestamp="25 Sep 2020 14:22:02 GMT" time="0.022" errors="0">
  <testcase name="samsung" time="0.000" classname="qaclickacademy.mavenjava.appiumTest"/>
  <testcase name="mobileTest" time="0.022" classname="qaclickacademy.mavenjava.appiumTest"/>
</testsuite> <!-- qaclickacademy.mavenjava.appiumTest -->
